<?xml version="1.0" encoding="UTF-8"?>
<testsuite xmlns:xsi="http://www.w3.org/2001/XMLSchema-instance" xsi:noNamespaceSchemaLocation="https://maven.apache.org/surefire/maven-surefire-plugin/xsd/surefire-test-report.xsd" version="3.0.2" name="org.app.hwsem2mts.Hwsem2MtsApplicationTests" time="1.209" tests="1" errors="0" skipped="0" failures="0">
  <properties>
[...]
</properties>
  <testcase name="contextLoads" classname="org.app.hwsem2mts.Hwsem2MtsApplicationTests" time="0.003">
    <system-out><![CDATA[2025-05-23T22:56:14.924+03:00  INFO 70069 --- [test-profile] [           main] t.c.s.AnnotationConfigContextLoaderUtils : Could not detect default configuration classes for test class [org.app.hwsem2mts.Hwsem2MtsApplicationTests]: Hwsem2MtsApplicationTests does not declare any static, non-private, non-final, nested classes annotated with @Configuration.
2025-05-23T22:56:14.928+03:00  INFO 70069 --- [test-profile] [           main] .b.t.c.SpringBootTestContextBootstrapper : Found @SpringBootConfiguration org.app.hwsem2mts.Hwsem2MtsApplication for test class org.app.hwsem2mts.Hwsem2MtsApplicationTests

  .   ____          _            __ _ _
 /\\ / ___'_ __ _ _(_)_ __  __ _ \ \ \ \
( ( )\___ | '_ | '_| | '_ \/ _` | \ \ \ \
 \\/  ___)| |_)| | | | | || (_| |  ) ) ) )
  '  |____| .__|_| |_|_| |_\__, | / / / /
 =========|_|==============|___/=/_/_/_/

 :: Spring Boot ::                (v3.4.4)

2025-05-23T22:56:14.945+03:00  INFO 70069 --- [test-profile] [           main] o.a.hwsem2mts.Hwsem2MtsApplicationTests  : Starting Hwsem2MtsApplicationTests using Java 23.0.2 with PID 70069 (started by maksimoskin in /Users/maksimoskin/IdeaProjects/Oskin-Maksim-semhw2mts)
2025-05-23T22:56:14.945+03:00 DEBUG 70069 --- [test-profile] [           main] o.a.hwsem2mts.Hwsem2MtsApplicationTests  : Running with Spring Boot v3.4.4, Spring v6.2.5
2025-05-23T22:56:14.945+03:00  INFO 70069 --- [test-profile] [           main] o.a.hwsem2mts.Hwsem2MtsApplicationTests  : The following 1 profile is active: "test"
2025-05-23T22:56:15.486+03:00  WARN 70069 --- [test-profile] [           main] .s.s.UserDetailsServiceAutoConfiguration : 

Using generated security password: 0c03fa1b-49fd-4983-a48d-55f4c5f8c43b

This generated password is for development use only. Your security configuration must be updated before running your application in production.

2025-05-23T22:56:15.487+03:00  INFO 70069 --- [test-profile] [           main] r$InitializeUserDetailsManagerConfigurer : Global AuthenticationManager configured with UserDetailsService bean with name inMemoryUserDetailsManager
2025-05-23T22:56:15.666+03:00  WARN 70069 --- [test-profile] [           main] o.s.boot.actuate.endpoint.EndpointId     : Endpoint ID 'custom-endpoint-first' contains invalid characters, please migrate to a valid format.
2025-05-23T22:56:15.762+03:00  INFO 70069 --- [test-profile] [           main] o.s.b.a.e.web.EndpointLinksResolver      : Exposing 15 endpoints beneath base path '/admin/actuator'
2025-05-23T22:56:15.888+03:00  INFO 70069 --- [test-profile] [           main] o.s.v.b.OptionalValidatorFactoryBean     : Failed to set up a Bean Validation provider: jakarta.validation.NoProviderFoundException: Unable to create a Configuration, because no Jakarta Bean Validation provider could be found. Add a provider like Hibernate Validator (RI) to your classpath.
2025-05-23T22:56:16.092+03:00  INFO 70069 --- [test-profile] [           main] o.a.hwsem2mts.Hwsem2MtsApplicationTests  : Started Hwsem2MtsApplicationTests in 1.161 seconds (process running for 2.949)
]]></system-out>
  </testcase>
</testsuite>